     1 00000000                                 ; hello-os
     2 00000000                                 ; TAB=4
     3 00000000                                 
     4                                          		ORG		0x7c00			; 指明装载地址
     5 00007C00                                 
     6 00007C00                                 ; 以下标注FAT12格式软盘
     7 00007C00                                 
     8 00007C00 EB 4E                           		JMP		entry
     9 00007C02 90                              		DB		0x90
    10 00007C03 48 45 4C 4C 4F 49 50 4C         		DB		"HELLOIPL"		
    11 00007C0B 0200                            		DW		512				
    12 00007C0D 01                              		DB		1				
    13 00007C0E 0001                            		DW		1				
    14 00007C10 02                              		DB		2				
    15 00007C11 00E0                            		DW		224			
    16 00007C13 0B40                            		DW		2880		
    17 00007C15 F0                              		DB		0xf0			
    18 00007C16 0009                            		DW		9				
    19 00007C18 0012                            		DW		18				
    20 00007C1A 0002                            		DW		2				
    21 00007C1C 00000000                        		DD		0				
    22 00007C20 00000B40                        		DD		2880			
    23 00007C24 00 00 29                        		DB		0,0,0x29		
    24 00007C27 FFFFFFFF                        		DD		0xffffffff		
    25 00007C2B 48 45 4C 4C 4F 2D 4F 53 20 20   		DB		"HELLO-OS   "	
       00007C35 20 
    26 00007C36 46 41 54 31 32 20 20 20         		DB		"FAT12   "		
    27 00007C3E 00 00 00 00 00 00 00 00 00 00   		RESB	18				
       00007C48 00 00 00 00 00 00 00 00 
    28 00007C50                                 
    29 00007C50                                 ; 程序核心
    30 00007C50                                 
    31 00007C50                                 entry:							; 标签
    32 00007C50 B8 0000                         		MOV		AX,0			; 初始化寄存器 注，AX累加寄存器	BX基址寄存器	CX计数寄存器	DX数据寄存器
    33 00007C53 8E D0                           		MOV		SS,AX 			; SS栈段寄存器
    34 00007C55 BC 7C00                         		MOV		SP,0x7c00		; SP栈指针寄存器
    35 00007C58 8E D8                           		MOV		DS,AX 			; DS数据段寄存器
    36 00007C5A 8E C0                           		MOV		ES,AX 			; ES附加段寄存器
    37 00007C5C                                 
    38 00007C5C BE 7C74                         		MOV		SI,msg			; 源变址寄存器
    39 00007C5F                                 putloop:
    40 00007C5F 8A 04                           		MOV		AL,[SI]
    41 00007C61 83 C6 01                        		ADD		SI,1			
    42 00007C64 3C 00                           		CMP		AL,0 			; 比较AL与0，进而判断是否执行JE。相等则执行JE
    43 00007C66 74 09                           		JE		fin 			; 如果AL==0,则跳转到fin，否则跳过这个指令  注：fin为结束标号
    44 00007C68 B4 0E                           		MOV		AH,0x0e			; 显示一个文字
    45 00007C6A BB 000F                         		MOV		BX,15			; 指定字符颜色
    46 00007C6D CD 10                           		INT		0x10			; 调用显卡BOIS  注:INT中断，用来调用BIOS函数
    47 00007C6F EB EE                           		JMP		putloop			; 跳转
    48 00007C71                                 fin:
    49 00007C71 F4                              		HLT						; 停止CPU，等待指令
    50 00007C72 EB FD                           		JMP		fin				; 无限循环
    51 00007C74                                 
    52 00007C74                                 msg:
    53 00007C74 0A 0A                           		DB		0x0a, 0x0a		; 换行
    54 00007C76 68 65 6C 6C 6F 2C 20 77 6F 72   		DB		"hello, world"
       00007C80 6C 64 
    55 00007C82 0A                              		DB		0x0a			; 换行
    56 00007C83 42 59 20 53 68 65 6E 20 4A 69   		DB		"BY Shen Jinsheng"
       00007C8D 6E 73 68 65 6E 67 
    57 00007C93 00                              		DB		0
    58 00007C94                                 
    59 00007C94 00 00 00 00 00 00 00 00 00 00   		RESB	0x7dfe-$		
       00007C9E 00 00 00 00 00 00 00 00 00 00 
       00007CA8 00 00 00 00 00 00 00 00 00 00 
       00007CB2 00 00 00 00 00 00 00 00 00 00 
       00007CBC 00 00 00 00 00 00 00 00 00 00 
       00007CC6 00 00 00 00 00 00 00 00 00 00 
       00007CD0 00 00 00 00 00 00 00 00 00 00 
       00007CDA 00 00 00 00 00 00 00 00 00 00 
       00007CE4 00 00 00 00 00 00 00 00 00 00 
       00007CEE 00 00 00 00 00 00 00 00 00 00 
       00007CF8 00 00 00 00 00 00 00 00 00 00 
       00007D02 00 00 00 00 00 00 00 00 00 00 
       00007D0C 00 00 00 00 00 00 00 00 00 00 
       00007D16 00 00 00 00 00 00 00 00 00 00 
       00007D20 00 00 00 00 00 00 00 00 00 00 
       00007D2A 00 00 00 00 00 00 00 00 00 00 
       00007D34 00 00 00 00 00 00 00 00 00 00 
       00007D3E 00 00 00 00 00 00 00 00 00 00 
       00007D48 00 00 00 00 00 00 00 00 00 00 
       00007D52 00 00 00 00 00 00 00 00 00 00 
       00007D5C 00 00 00 00 00 00 00 00 00 00 
       00007D66 00 00 00 00 00 00 00 00 00 00 
       00007D70 00 00 00 00 00 00 00 00 00 00 
       00007D7A 00 00 00 00 00 00 00 00 00 00 
       00007D84 00 00 00 00 00 00 00 00 00 00 
       00007D8E 00 00 00 00 00 00 00 00 00 00 
       00007D98 00 00 00 00 00 00 00 00 00 00 
       00007DA2 00 00 00 00 00 00 00 00 00 00 
       00007DAC 00 00 00 00 00 00 00 00 00 00 
       00007DB6 00 00 00 00 00 00 00 00 00 00 
       00007DC0 00 00 00 00 00 00 00 00 00 00 
       00007DCA 00 00 00 00 00 00 00 00 00 00 
       00007DD4 00 00 00 00 00 00 00 00 00 00 
       00007DDE 00 00 00 00 00 00 00 00 00 00 
       00007DE8 00 00 00 00 00 00 00 00 00 00 
       00007DF2 00 00 00 00 00 00 00 00 00 00 
       00007DFC 00 00 
    60 00007DFE                                 
    61 00007DFE 55 AA                           		DB		0x55, 0xaa
